<?xml version="1.0" encoding="UTF-8"?>
<!-- Generated by org.testng.reporters.JUnitReportReporter -->
<testsuite skipped="0" hostname="LAPTOP-JAC828HV" name="firsttestngpackage.FirstTestNGFile" tests="1" failures="0" timestamp="19 Nov 2018 02:55:52 GMT" time="0.008" errors="0">
  <testcase name="f" time="0.008" classname="firsttestngpackage.FirstTestNGFile"/>
</testsuite> <!-- firsttestngpackage.FirstTestNGFile -->
